Copyright 1986-2022 Xilinx, Inc. All Rights Reserved. Copyright 2022-2024 Advanced Micro Devices, Inc. All Rights Reserved.
--------------------------------------------------------------------------------------------------------------------------------------------------
| Tool Version      : Vivado v.2024.2 (win64) Build 5239630 Fri Nov 08 22:35:27 MST 2024
| Date              : Mon Apr 13 18:14:34 2026
| Host              : Acey running 64-bit major release  (build 9200)
| Command           : report_timing_summary -file ./outputs/post_place_timing_summary.rpt
| Design            : bnn_fcc_timing
| Device            : xcu250-figd2104
| Speed File        : -2L  PRODUCTION 1.28 03-30-2022
| Design State      : Physopt postPlace
| Temperature Grade : E
--------------------------------------------------------------------------------------------------------------------------------------------------

Timing Summary Report

------------------------------------------------------------------------------------------------
| Timer Settings
| --------------
------------------------------------------------------------------------------------------------

  Enable Multi Corner Analysis               :  Yes
  Enable Pessimism Removal                   :  Yes
  Pessimism Removal Resolution               :  Nearest Common Node
  Enable Input Delay Default Clock           :  No
  Enable Preset / Clear Arcs                 :  No
  Disable Flight Delays                      :  No
  Ignore I/O Paths                           :  No
  Timing Early Launch at Borrowing Latches   :  No
  Borrow Time for Max Delay Exceptions       :  Yes
  Merge Timing Exceptions                    :  Yes
  Inter-SLR Compensation                     :  Conservative

  Corner  Analyze    Analyze    
  Name    Max Paths  Min Paths  
  ------  ---------  ---------  
  Slow    Yes        Yes        
  Fast    Yes        Yes        


------------------------------------------------------------------------------------------------
| Report Methodology
| ------------------
------------------------------------------------------------------------------------------------

Rule       Severity  Description                    Violations  
---------  --------  -----------------------------  ----------  
TIMING-18  Warning   Missing input or output delay  161         

Note: This report is based on the most recent report_methodology run and may not be up-to-date. Run report_methodology on the current design for the latest report.



check_timing report

Table of Contents
-----------------
1. checking no_clock (0)
2. checking constant_clock (0)
3. checking pulse_width_clock (0)
4. checking unconstrained_internal_endpoints (0)
5. checking no_input_delay (94)
6. checking no_output_delay (7)
7. checking multiple_clock (0)
8. checking generated_clocks (0)
9. checking loops (0)
10. checking partial_input_delay (0)
11. checking partial_output_delay (0)
12. checking latch_loops (0)

1. checking no_clock (0)
------------------------
 There are 0 register/latch pins with no clock.


2. checking constant_clock (0)
------------------------------
 There are 0 register/latch pins with constant_clock.


3. checking pulse_width_clock (0)
---------------------------------
 There are 0 register/latch pins which need pulse_width check


4. checking unconstrained_internal_endpoints (0)
------------------------------------------------
 There are 0 pins that are not constrained for maximum delay.

 There are 0 pins that are not constrained for maximum delay due to constant clock.


5. checking no_input_delay (94)
-------------------------------
 There are 94 input ports with no input delay specified. (HIGH)

 There are 0 input ports with no input delay but user has a false path constraint.


6. checking no_output_delay (7)
-------------------------------
 There are 7 ports with no output delay specified. (HIGH)

 There are 0 ports with no output delay but user has a false path constraint

 There are 0 ports with no output delay but with a timing clock defined on it or propagating through it


7. checking multiple_clock (0)
------------------------------
 There are 0 register/latch pins with multiple clocks.


8. checking generated_clocks (0)
--------------------------------
 There are 0 generated clocks that are not connected to a clock source.


9. checking loops (0)
---------------------
 There are 0 combinational loops in the design.


10. checking partial_input_delay (0)
------------------------------------
 There are 0 input ports with partial input delay specified.


11. checking partial_output_delay (0)
-------------------------------------
 There are 0 ports with partial output delay specified.


12. checking latch_loops (0)
----------------------------
 There are 0 combinational latch loops in the design through latch input



------------------------------------------------------------------------------------------------
| Design Timing Summary
| ---------------------
------------------------------------------------------------------------------------------------

    WNS(ns)      TNS(ns)  TNS Failing Endpoints  TNS Total Endpoints      WHS(ns)      THS(ns)  THS Failing Endpoints  THS Total Endpoints     WPWS(ns)     TPWS(ns)  TPWS Failing Endpoints  TPWS Total Endpoints  
    -------      -------  ---------------------  -------------------      -------      -------  ---------------------  -------------------     --------     --------  ----------------------  --------------------  
     -0.273     -217.977                   2420               125795       -0.158      -60.444                   1718               125795        0.118        0.000                       0                 61342  


Timing constraints are not met.


------------------------------------------------------------------------------------------------
| Clock Summary
| -------------
------------------------------------------------------------------------------------------------

Clock  Waveform(ns)         Period(ns)      Frequency(MHz)
-----  ------------         ----------      --------------
clk    {0.000 0.650}        1.300           769.231         


------------------------------------------------------------------------------------------------
| Intra Clock Table
| -----------------
------------------------------------------------------------------------------------------------

Clock             WNS(ns)      TNS(ns)  TNS Failing Endpoints  TNS Total Endpoints      WHS(ns)      THS(ns)  THS Failing Endpoints  THS Total Endpoints     WPWS(ns)     TPWS(ns)  TPWS Failing Endpoints  TPWS Total Endpoints  
-----             -------      -------  ---------------------  -------------------      -------      -------  ---------------------  -------------------     --------     --------  ----------------------  --------------------  
clk                -0.273     -217.977                   2420               125795       -0.158      -60.444                   1718               125795        0.118        0.000                       0                 61342  


------------------------------------------------------------------------------------------------
| Inter Clock Table
| -----------------
------------------------------------------------------------------------------------------------

From Clock    To Clock          WNS(ns)      TNS(ns)  TNS Failing Endpoints  TNS Total Endpoints      WHS(ns)      THS(ns)  THS Failing Endpoints  THS Total Endpoints  
----------    --------          -------      -------  ---------------------  -------------------      -------      -------  ---------------------  -------------------  


------------------------------------------------------------------------------------------------
| Other Path Groups Table
| -----------------------
------------------------------------------------------------------------------------------------

Path Group    From Clock    To Clock          WNS(ns)      TNS(ns)  TNS Failing Endpoints  TNS Total Endpoints      WHS(ns)      THS(ns)  THS Failing Endpoints  THS Total Endpoints  
----------    ----------    --------          -------      -------  ---------------------  -------------------      -------      -------  ---------------------  -------------------  


------------------------------------------------------------------------------------------------
| Timing Details
| --------------
------------------------------------------------------------------------------------------------


---------------------------------------------------------------------------------------------------
From Clock:  clk
  To Clock:  clk

Setup :         2420  Failing Endpoints,  Worst Slack       -0.273ns,  Total Violation     -217.977ns
Hold  :         1718  Failing Endpoints,  Worst Slack       -0.158ns,  Total Violation      -60.444ns
PW    :            0  Failing Endpoints,  Worst Slack        0.118ns,  Total Violation        0.000ns
---------------------------------------------------------------------------------------------------


Max Delay Paths
--------------------------------------------------------------------------------------
Slack (VIOLATED) :        -0.273ns  (required time - arrival time)
  Source:                 DUT/config_manager/config_manager_parser_i/header_count_r_reg[2]/C
                            (rising edge-triggered cell FDRE clocked by clk  {rise@0.000ns fall@0.650ns period=1.300ns})
  Destination:            DUT/config_manager/config_manager_parser_i/payload_second_last_idx_r_reg[30]/D
                            (rising edge-triggered cell FDRE clocked by clk  {rise@0.000ns fall@0.650ns period=1.300ns})
  Path Group:             clk
  Path Type:              Setup (Max at Slow Process Corner)
  Requirement:            1.300ns  (clk rise@1.300ns - clk rise@0.000ns)
  Data Path Delay:        1.437ns  (logic 0.449ns (31.246%)  route 0.988ns (68.754%))
  Logic Levels:           4  (LUT3=1 LUT5=1 LUT6=2)
  Clock Path Skew:        -0.126ns (DCD - SCD + CPR)
    Destination Clock Delay (DCD):    1.628ns = ( 2.928 - 1.300 ) 
    Source Clock Delay      (SCD):    1.897ns
    Clock Pessimism Removal (CPR):    0.143ns
  Clock Uncertainty:      0.035ns  ((TSJ^2 + TIJ^2)^1/2 + DJ) / 2 + PE
    Total System Jitter     (TSJ):    0.071ns
    Total Input Jitter      (TIJ):    0.000ns
    Discrete Jitter          (DJ):    0.000ns
    Phase Error              (PE):    0.000ns

    Location             Delay type                Incr(ns)  Path(ns)    Netlist Resource(s)
  -------------------------------------------------------------------    -------------------
                         (clock clk rise edge)        0.000     0.000 r  
                                                      0.000     0.000 r  clk (IN)
                         net (fo=61341, unset)        1.897     1.897    DUT/config_manager/config_manager_parser_i/clk
    SLICE_X121Y125       FDRE                                         r  DUT/config_manager/config_manager_parser_i/header_count_r_reg[2]/C
  -------------------------------------------------------------------    -------------------
    SLICE_X121Y125       FDRE (Prop_EFF_SLICEM_C_Q)
                                                      0.076     1.973 r  DUT/config_manager/config_manager_parser_i/header_count_r_reg[2]/Q
                         net (fo=12, estimated)       0.235     2.208    DUT/config_manager/config_manager_parser_i/header_count_r[2]
    SLICE_X120Y128       LUT5 (Prop_F6LUT_SLICEL_I3_O)
                                                      0.049     2.257 r  DUT/config_manager/config_manager_parser_i/header_buf_r[79]_i_3/O
                         net (fo=40, estimated)       0.218     2.475    DUT/config_manager/config_manager_parser_i/header_buf_r[79]_i_3_n_0
    SLICE_X122Y128       LUT3 (Prop_E6LUT_SLICEM_I1_O)
                                                      0.052     2.527 r  DUT/config_manager/config_manager_parser_i/payload_second_last_idx_r[31]_i_8/O
                         net (fo=1, estimated)        0.157     2.684    DUT/config_manager/config_manager_parser_i/p_0_in[15]
    SLICE_X122Y127       LUT6 (Prop_A6LUT_SLICEM_I0_O)
                                                      0.150     2.834 r  DUT/config_manager/config_manager_parser_i/payload_second_last_idx_r[31]_i_3/O
                         net (fo=33, estimated)       0.329     3.163    DUT/config_manager/config_manager_parser_i/payload_second_last_idx_r[31]_i_3_n_0
    SLICE_X119Y127       LUT6 (Prop_D6LUT_SLICEL_I0_O)
                                                      0.122     3.285 r  DUT/config_manager/config_manager_parser_i/payload_second_last_idx_r[30]_i_1/O
                         net (fo=1, routed)           0.049     3.334    DUT/config_manager/config_manager_parser_i/next_payload_second_last_idx[30]
    SLICE_X119Y127       FDRE                                         r  DUT/config_manager/config_manager_parser_i/payload_second_last_idx_r_reg[30]/D
  -------------------------------------------------------------------    -------------------

                         (clock clk rise edge)        1.300     1.300 r  
                                                      0.000     1.300 r  clk (IN)
                         net (fo=61341, unset)        1.628     2.928    DUT/config_manager/config_manager_parser_i/clk
    SLICE_X119Y127       FDRE                                         r  DUT/config_manager/config_manager_parser_i/payload_second_last_idx_r_reg[30]/C
                         clock pessimism              0.143     3.071    
                         clock uncertainty           -0.035     3.036    
    SLICE_X119Y127       FDRE (Setup_DFF_SLICEL_C_D)
                                                      0.025     3.061    DUT/config_manager/config_manager_parser_i/payload_second_last_idx_r_reg[30]
  -------------------------------------------------------------------
                         required time                          3.061    
                         arrival time                          -3.334    
  -------------------------------------------------------------------
                         slack                                 -0.273    





Min Delay Paths
--------------------------------------------------------------------------------------
Slack (VIOLATED) :        -0.158ns  (arrival time - required time)
  Source:                 DUT/bnn_main/g_layers[0].u_layer/t_wr_addr_pipe_r_reg[2][1]/C
                            (rising edge-triggered cell FDRE clocked by clk  {rise@0.000ns fall@0.650ns period=1.300ns})
  Destination:            DUT/bnn_main/g_layers[0].u_layer/gen_np_mems[2].u_t_ram/ram_reg_0_7_0_9/RAMA/WADR1
                            (rising edge-triggered cell RAMD32 clocked by clk  {rise@0.000ns fall@0.650ns period=1.300ns})
  Path Group:             clk
  Path Type:              Hold (Min at Slow Process Corner)
  Requirement:            0.000ns  (clk rise@0.000ns - clk rise@0.000ns)
  Data Path Delay:        0.251ns  (logic 0.061ns (24.303%)  route 0.190ns (75.697%))
  Logic Levels:           0  
  Clock Path Skew:        0.321ns (DCD - SCD - CPR)
    Destination Clock Delay (DCD):    1.906ns
    Source Clock Delay      (SCD):    1.517ns
    Clock Pessimism Removal (CPR):    0.068ns

    Location             Delay type                Incr(ns)  Path(ns)    Netlist Resource(s)
  -------------------------------------------------------------------    -------------------
                         (clock clk rise edge)        0.000     0.000 r  
                                                      0.000     0.000 r  clk (IN)
                         net (fo=61341, unset)        1.517     1.517    DUT/bnn_main/g_layers[0].u_layer/clk
    SLICE_X98Y119        FDRE                                         r  DUT/bnn_main/g_layers[0].u_layer/t_wr_addr_pipe_r_reg[2][1]/C
  -------------------------------------------------------------------    -------------------
    SLICE_X98Y119        FDRE (Prop_DFF2_SLICEL_C_Q)
                                                      0.061     1.578 r  DUT/bnn_main/g_layers[0].u_layer/t_wr_addr_pipe_r_reg[2][1]/Q
                         net (fo=16, estimated)       0.190     1.768    DUT/bnn_main/g_layers[0].u_layer/gen_np_mems[2].u_t_ram/ram_reg_0_7_0_9/ADDRH1
    SLICE_X94Y120        RAMD32                                       r  DUT/bnn_main/g_layers[0].u_layer/gen_np_mems[2].u_t_ram/ram_reg_0_7_0_9/RAMA/WADR1
  -------------------------------------------------------------------    -------------------

                         (clock clk rise edge)        0.000     0.000 r  
                                                      0.000     0.000 r  clk (IN)
                         net (fo=61341, unset)        1.906     1.906    DUT/bnn_main/g_layers[0].u_layer/gen_np_mems[2].u_t_ram/ram_reg_0_7_0_9/WCLK
    SLICE_X94Y120        RAMD32                                       r  DUT/bnn_main/g_layers[0].u_layer/gen_np_mems[2].u_t_ram/ram_reg_0_7_0_9/RAMA/CLK
                         clock pessimism             -0.068     1.838    
    SLICE_X94Y120        RAMD32 (Hold_A5LUT_SLICEM_CLK_WADR1)
                                                      0.088     1.926    DUT/bnn_main/g_layers[0].u_layer/gen_np_mems[2].u_t_ram/ram_reg_0_7_0_9/RAMA
  -------------------------------------------------------------------
                         required time                         -1.926    
                         arrival time                           1.768    
  -------------------------------------------------------------------
                         slack                                 -0.158    





Pulse Width Checks
--------------------------------------------------------------------------------------
Clock Name:         clk
Waveform(ns):       { 0.000 0.650 }
Period(ns):         1.300
Sources:            { clk }

Check Type        Corner  Lib Pin     Reference Pin  Required(ns)  Actual(ns)  Slack(ns)  Location       Pin
Min Period        n/a     RAMD32/CLK  n/a            1.064         1.300       0.236      SLICE_X95Y121  DUT/bnn_main/g_layers[0].u_layer/gen_np_mems[0].u_t_ram/ram_reg_0_7_0_9/RAMA/CLK
Low Pulse Width   Slow    RAMD32/CLK  n/a            0.532         0.650       0.118      SLICE_X95Y121  DUT/bnn_main/g_layers[0].u_layer/gen_np_mems[0].u_t_ram/ram_reg_0_7_0_9/RAMA/CLK
High Pulse Width  Slow    RAMD32/CLK  n/a            0.532         0.650       0.118      SLICE_X95Y121  DUT/bnn_main/g_layers[0].u_layer/gen_np_mems[0].u_t_ram/ram_reg_0_7_0_9/RAMA/CLK



