Copyright 1986-2022 Xilinx, Inc. All Rights Reserved. Copyright 2022-2024 Advanced Micro Devices, Inc. All Rights Reserved.
-------------------------------------------------------------------------------------------------------------------------------------------------
| Tool Version     : Vivado v.2024.2 (win64) Build 5239630 Fri Nov 08 22:35:27 MST 2024
| Date             : Mon Apr 13 17:58:14 2026
| Host             : Acey running 64-bit major release  (build 9200)
| Command          : report_power -file ./outputs/post_route_power.rpt
| Design           : bnn_fcc_timing
| Device           : xcu250-figd2104-2L-e
| Design State     : routed
| Grade            : extended
| Process          : typical
| Characterization : Production
-------------------------------------------------------------------------------------------------------------------------------------------------

Power Report

Table of Contents
-----------------
1. Summary
1.1 On-Chip Components
1.2 Power Supply Summary
1.3 Confidence Level
2. Settings
2.1 Environment
2.2 Clock Constraints
3. Detailed Reports
3.1 By Hierarchy

1. Summary
----------

+--------------------------+--------------+
| Total On-Chip Power (W)  | 5.378        |
| Design Power Budget (W)  | Unspecified* |
| Power Budget Margin (W)  | NA           |
| Dynamic (W)              | 2.389        |
| Device Static (W)        | 2.989        |
| Effective TJA (C/W)      | 0.5          |
| Max Ambient (C)          | 97.2         |
| Junction Temperature (C) | 27.8         |
| Confidence Level         | Medium       |
| Setting File             | ---          |
| Simulation Activity File | ---          |
| Design Nets Matched      | NA           |
+--------------------------+--------------+
* Specify Design Power Budget using, set_operating_conditions -design_power_budget <value in Watts>


1.1 On-Chip Components
----------------------

+--------------------------+-----------+----------+-----------+-----------------+
| On-Chip                  | Power (W) | Used     | Available | Utilization (%) |
+--------------------------+-----------+----------+-----------+-----------------+
| Clocks                   |     0.667 |        3 |       --- |             --- |
| CLB Logic                |     1.034 |    73769 |       --- |             --- |
|   LUT as Logic           |     0.658 |    24195 |   1728000 |            1.40 |
|   LUT as Distributed RAM |     0.243 |     8236 |    791040 |            1.04 |
|   Register               |     0.114 |    33092 |   3456000 |            0.96 |
|   LUT as Shift Register  |     0.010 |      635 |    791040 |            0.08 |
|   CARRY8                 |     0.009 |      270 |    216000 |            0.13 |
|   Others                 |     0.000 |     5411 |       --- |             --- |
|   F7/F8 Muxes            |     0.000 |      207 |   1728000 |            0.01 |
| Signals                  |     0.688 |    36342 |       --- |             --- |
| Static Power             |     2.989 |          |           |                 |
| Total                    |     5.378 |          |           |                 |
+--------------------------+-----------+----------+-----------+-----------------+


1.2 Power Supply Summary
------------------------

+------------+-------------+-----------+-------------+------------+-------------+-------------+------------+
| Source     | Voltage (V) | Total (A) | Dynamic (A) | Static (A) | Powerup (A) | Budget (A)  | Margin (A) |
+------------+-------------+-----------+-------------+------------+-------------+-------------+------------+
| Vccint     |       0.850 |     4.006 |       2.810 |      1.196 |       NA    | Unspecified | NA         |
| Vccint_io  |       0.850 |     0.143 |       0.000 |      0.143 |       NA    | Unspecified | NA         |
| Vccbram    |       0.850 |     0.021 |       0.000 |      0.021 |       NA    | Unspecified | NA         |
| Vccaux     |       1.800 |     0.883 |       0.000 |      0.883 |       NA    | Unspecified | NA         |
| Vccaux_io  |       1.800 |     0.104 |       0.000 |      0.104 |       NA    | Unspecified | NA         |
| Vcco33     |       3.300 |     0.000 |       0.000 |      0.000 |       NA    | Unspecified | NA         |
| Vcco25     |       2.500 |     0.000 |       0.000 |      0.000 |       NA    | Unspecified | NA         |
| Vcco18     |       1.800 |     0.000 |       0.000 |      0.000 |       NA    | Unspecified | NA         |
| Vcco15     |       1.500 |     0.000 |       0.000 |      0.000 |       NA    | Unspecified | NA         |
| Vcco135    |       1.350 |     0.000 |       0.000 |      0.000 |       NA    | Unspecified | NA         |
| Vcco12     |       1.200 |     0.000 |       0.000 |      0.000 |       NA    | Unspecified | NA         |
| Vcco10     |       1.000 |     0.000 |       0.000 |      0.000 |       NA    | Unspecified | NA         |
| Vccadc     |       1.800 |     0.032 |       0.000 |      0.032 |       NA    | Unspecified | NA         |
| MGTYAVcc   |       0.900 |     0.000 |       0.000 |      0.000 |       NA    | Unspecified | NA         |
| MGTYAVtt   |       1.200 |     0.000 |       0.000 |      0.000 |       NA    | Unspecified | NA         |
| MGTYVccaux |       1.800 |     0.000 |       0.000 |      0.000 |       NA    | Unspecified | NA         |
+------------+-------------+-----------+-------------+------------+-------------+-------------+------------+


1.3 Confidence Level
--------------------

+-----------------------------+------------+------------------------------------------------+------------------------------------------------------------------------------------------------------------+
| User Input Data             | Confidence | Details                                        | Action                                                                                                     |
+-----------------------------+------------+------------------------------------------------+------------------------------------------------------------------------------------------------------------+
| Design implementation state | High       | Design is routed                               |                                                                                                            |
| Clock nodes activity        | High       | User specified more than 95% of clocks         |                                                                                                            |
| I/O nodes activity          | High       | User specified more than 95% of inputs         |                                                                                                            |
| Internal nodes activity     | Medium     | User specified less than 25% of internal nodes | Provide missing internal nodes activity with simulation results or by editing the "By Resource Type" views |
| Device models               | High       | Device models are Production                   |                                                                                                            |
|                             |            |                                                |                                                                                                            |
| Overall confidence level    | Medium     |                                                |                                                                                                            |
+-----------------------------+------------+------------------------------------------------+------------------------------------------------------------------------------------------------------------+


2. Settings
-----------

2.1 Environment
---------------

+-----------------------+--------------------------+
| Ambient Temp (C)      | 25.0                     |
| ThetaJA (C/W)         | 0.5                      |
| Airflow (LFM)         | 250                      |
| Heat Sink             | medium (Medium Profile)  |
| ThetaSA (C/W)         | 0.7                      |
| Board Selection       | medium (10"x10")         |
| # of Board Layers     | 12to15 (12 to 15 Layers) |
| Board Temperature (C) | 25.0                     |
+-----------------------+--------------------------+


2.2 Clock Constraints
---------------------

+-------+--------+-----------------+
| Clock | Domain | Constraint (ns) |
+-------+--------+-----------------+
| clk   | clk    |             1.3 |
+-------+--------+-----------------+


3. Detailed Reports
-------------------

3.1 By Hierarchy
----------------

+-----------------------------------------------------------------+-----------+
| Name                                                            | Power (W) |
+-----------------------------------------------------------------+-----------+
| bnn_fcc_timing                                                  |     2.389 |
|   DUT                                                           |     2.354 |
|     argmax_inst                                                 |     0.005 |
|       l_recurse.left_tree                                       |     0.004 |
|     bnn_main                                                    |     2.245 |
|       g_layers[0].u_layer                                       |     1.360 |
|       g_layers[1].u_layer                                       |     0.726 |
|       g_layers[2].u_layer                                       |     0.159 |
|     config_manager                                              |     0.074 |
|       config_manager_pad_fsm_i                                  |     0.003 |
|       config_manager_parser_i                                   |     0.011 |
|       config_tkeep_byte_compactor_i                             |     0.010 |
|       config_vw_buffer_i                                        |     0.004 |
|       fifo_config_bytes                                         |     0.021 |
|       fifo_thresholds                                           |     0.002 |
|       fifo_weights_bytes                                        |     0.002 |
|       gen_packer[0].fifo_packer                                 |     0.009 |
|       gen_packer[1].fifo_packer                                 |     0.003 |
|       gen_packer[2].fifo_packer                                 |     0.002 |
|     data_in_manager_i                                           |     0.026 |
|       bin_fifo                                                  |     0.021 |
|       tkeep_byte_compactor_i                                    |     0.003 |
|       vw_buffer_i                                               |     0.002 |
|     out_fifo                                                    |     0.003 |
|   g_layers[2].u_layer/gen_np_mems[0].u_w_ram/ram_reg_0_15_0_13  |     0.001 |
|   g_layers[2].u_layer/gen_np_mems[0].u_w_ram/ram_reg_0_15_14_27 |     0.001 |
|   g_layers[2].u_layer/gen_np_mems[1].u_w_ram/ram_reg_0_15_0_13  |     0.001 |
|   g_layers[2].u_layer/gen_np_mems[1].u_w_ram/ram_reg_0_15_14_27 |     0.001 |
|   g_layers[2].u_layer/gen_np_mems[2].u_w_ram/ram_reg_0_15_0_13  |     0.001 |
|   g_layers[2].u_layer/gen_np_mems[2].u_w_ram/ram_reg_0_15_14_27 |     0.001 |
|   g_layers[2].u_layer/gen_np_mems[3].u_w_ram/ram_reg_0_15_0_13  |     0.001 |
|   g_layers[2].u_layer/gen_np_mems[3].u_w_ram/ram_reg_0_15_14_27 |     0.001 |
|   g_layers[2].u_layer/gen_np_mems[4].u_w_ram/ram_reg_0_15_0_13  |     0.001 |
|   g_layers[2].u_layer/gen_np_mems[4].u_w_ram/ram_reg_0_15_14_27 |     0.001 |
|   g_layers[2].u_layer/gen_np_mems[5].u_w_ram/ram_reg_0_15_0_13  |     0.001 |
|   g_layers[2].u_layer/gen_np_mems[5].u_w_ram/ram_reg_0_15_14_27 |     0.001 |
|   g_layers[2].u_layer/gen_np_mems[6].u_w_ram/ram_reg_0_15_0_13  |     0.001 |
|   g_layers[2].u_layer/gen_np_mems[6].u_w_ram/ram_reg_0_15_14_27 |     0.001 |
|   g_layers[2].u_layer/gen_np_mems[7].u_w_ram/ram_reg_0_15_0_13  |     0.001 |
|   g_layers[2].u_layer/gen_np_mems[7].u_w_ram/ram_reg_0_15_14_27 |     0.001 |
|   g_layers[2].u_layer/gen_np_mems[8].u_w_ram/ram_reg_0_15_0_13  |     0.001 |
|   g_layers[2].u_layer/gen_np_mems[8].u_w_ram/ram_reg_0_15_14_27 |     0.001 |
|   g_layers[2].u_layer/gen_np_mems[9].u_w_ram/ram_reg_0_15_0_13  |     0.001 |
|   g_layers[2].u_layer/gen_np_mems[9].u_w_ram/ram_reg_0_15_14_27 |     0.001 |
+-----------------------------------------------------------------+-----------+


