#-----------------------------------------------------------
# Vivado v2024.2 (64-bit)
# SW Build 5239630 on Fri Nov 08 22:35:27 MST 2024
# IP Build 5239520 on Sun Nov 10 16:12:51 MST 2024
# SharedData Build 5239561 on Fri Nov 08 14:39:27 MST 2024
# Start of session at: Sun Apr 12 00:09:48 2026
# Process ID         : 42680
# Current directory  : C:/Users/pawin/UF/spring26/RC2/bnn_fcc_contest/openflex
# Command line       : vivado.exe -mode batch -source .\resume_from_post_place.tcl
# Log file           : C:/Users/pawin/UF/spring26/RC2/bnn_fcc_contest/openflex/vivado.log
# Journal file       : C:/Users/pawin/UF/spring26/RC2/bnn_fcc_contest/openflex\vivado.jou
# Running On         : Acey
# Platform           : Windows Server 2016 or Windows 10
# Operating System   : 26200
# Processor Detail   : Intel(R) Core(TM) Ultra 7 258V
# CPU Frequency      : 3302 MHz
# CPU Physical cores : 8
# CPU Logical cores  : 8
# Host memory        : 33805 MB
# Swap memory        : 13958 MB
# Total Virtual      : 47764 MB
# Available Virtual  : 23389 MB
#-----------------------------------------------------------
Sourcing tcl script 'C:/Users/pawin/AppData/Roaming/Xilinx/Vivado/Vivado_init.tcl'
source {.\resume_from_post_place.tcl}
# open_checkpoint {C:/Users/pawin/UF/spring26/RC2/bnn_fcc_contest/openflex/build_vivado/outputs/post_place.dcp}
Command: open_checkpoint C:/Users/pawin/UF/spring26/RC2/bnn_fcc_contest/openflex/build_vivado/outputs/post_place.dcp

Starting open_checkpoint Task

Time (s): cpu = 00:00:00 ; elapsed = 00:00:00.027 . Memory (MB): peak = 444.211 ; gain = 7.180
INFO: [Device 21-403] Loading part xcu250-figd2104-2L-e
Netlist sorting complete. Time (s): cpu = 00:00:01 ; elapsed = 00:00:00.218 . Memory (MB): peak = 1820.020 ; gain = 0.000
INFO: [Netlist 29-17] Analyzing 1129 Unisim elements for replacement
INFO: [Netlist 29-28] Unisim Transformation completed in 0 CPU seconds
INFO: [Project 1-479] Netlist was created with Vivado 2024.2
INFO: [Project 1-570] Preparing netlist for logic optimization
Read ShapeDB Complete: Time (s): cpu = 00:00:00 ; elapsed = 00:00:00.091 . Memory (MB): peak = 2028.160 ; gain = 16.977
INFO: [Timing 38-478] Restoring timing data from binary archive.
INFO: [Timing 38-479] Binary timing data restore complete.
INFO: [Project 1-856] Restoring constraints from binary archive.
INFO: [Project 1-853] Binary constraint restore complete.
INFO: [Designutils 20-5722] Start Reading Physical Databases.
Reading placement.
Read Netlist Cache: Time (s): cpu = 00:00:00 ; elapsed = 00:00:00.025 . Memory (MB): peak = 2395.324 ; gain = 0.000
Reading placer database...
Read Device Cache: Time (s): cpu = 00:00:00 ; elapsed = 00:00:00.018 . Memory (MB): peak = 2395.324 ; gain = 0.000
Read PlaceDB: Time (s): cpu = 00:00:01 ; elapsed = 00:00:00.927 . Memory (MB): peak = 2444.980 ; gain = 49.184
Read PulsedLatchDB: Time (s): cpu = 00:00:00 ; elapsed = 00:00:00 . Memory (MB): peak = 2444.980 ; gain = 0.000
Reading routing.
Read RouteStorage: Time (s): cpu = 00:00:05 ; elapsed = 00:00:05 . Memory (MB): peak = 2785.477 ; gain = 340.496
Read Physdb Files: Time (s): cpu = 00:00:06 ; elapsed = 00:00:06 . Memory (MB): peak = 2785.477 ; gain = 390.152
Restored from archive | CPU: 6.000000 secs | Memory: 0.000000 MB |
Finished XDEF File Restore: Time (s): cpu = 00:00:06 ; elapsed = 00:00:06 . Memory (MB): peak = 2785.477 ; gain = 391.113
Netlist sorting complete. Time (s): cpu = 00:00:00 ; elapsed = 00:00:00.017 . Memory (MB): peak = 2785.477 ; gain = 0.000
INFO: [Project 1-111] Unisim Transformation Summary:
  A total of 444 instances were transformed.
  RAM32M16 => RAM32M16 (RAMD32(x14), RAMS32(x2)): 94 instances
  RAM64M8 => RAM64M8 (RAMD64E(x8)): 348 instances
  RAM64X1D => RAM64X1D (RAMD64E(x2)): 2 instances

INFO: [Project 1-604] Checkpoint was created with Vivado v2024.2 (64-bit) build 5239630
open_checkpoint: Time (s): cpu = 00:00:23 ; elapsed = 00:00:27 . Memory (MB): peak = 2785.477 ; gain = 2357.066
# route_design
Command: route_design
Attempting to get a license for feature 'Implementation' and/or device 'xcu250'
INFO: [Common 17-349] Got license for feature 'Implementation' and/or device 'xcu250'


Starting Routing Task
INFO: [Route 35-254] Multithreading enabled for route_design using a maximum of 8 CPUs

Phase 1 Build RT Design
Checksum: PlaceDB: 2ae98e8 ConstDB: 0 ShapeSum: 1e8e0e0f RouteDB: aeac6d6c
Nodegraph reading from file.  Time (s): cpu = 00:00:02 ; elapsed = 00:00:02 . Memory (MB): peak = 3245.875 ; gain = 460.398
WARNING: [Route 35-198] Port "rst" does not have an associated HD.PARTPIN_LOCS, which will prevent the partial routing of the signal "rst". Without this partial route, timing analysis to/from this port will not be accurate, and no routing information for this port can be exported.
WARNING: [Route 35-198] Port "config_data[58]" does not have an associated HD.PARTPIN_LOCS, which will prevent the partial routing of the signal "config_data[58]". Without this partial route, timing analysis to/from this port will not be accurate, and no routing information for this port can be exported.
WARNING: [Route 35-198] Port "config_data[26]" does not have an associated HD.PARTPIN_LOCS, which will prevent the partial routing of the signal "config_data[26]". Without this partial route, timing analysis to/from this port will not be accurate, and no routing information for this port can be exported.
WARNING: [Route 35-198] Port "config_data[18]" does not have an associated HD.PARTPIN_LOCS, which will prevent the partial routing of the signal "config_data[18]". Without this partial route, timing analysis to/from this port will not be accurate, and no routing information for this port can be exported.
WARNING: [Route 35-198] Port "config_data[10]" does not have an associated HD.PARTPIN_LOCS, which will prevent the partial routing of the signal "config_data[10]". Without this partial route, timing analysis to/from this port will not be accurate, and no routing information for this port can be exported.
WARNING: [Route 35-198] Port "config_data[2]" does not have an associated HD.PARTPIN_LOCS, which will prevent the partial routing of the signal "config_data[2]". Without this partial route, timing analysis to/from this port will not be accurate, and no routing information for this port can be exported.
WARNING: [Route 35-198] Port "config_data[55]" does not have an associated HD.PARTPIN_LOCS, which will prevent the partial routing of the signal "config_data[55]". Without this partial route, timing analysis to/from this port will not be accurate, and no routing information for this port can be exported.
WARNING: [Route 35-198] Port "config_data[39]" does not have an associated HD.PARTPIN_LOCS, which will prevent the partial routing of the signal "config_data[39]". Without this partial route, timing analysis to/from this port will not be accurate, and no routing information for this port can be exported.
WARNING: [Route 35-198] Port "config_data[15]" does not have an associated HD.PARTPIN_LOCS, which will prevent the partial routing of the signal "config_data[15]". Without this partial route, timing analysis to/from this port will not be accurate, and no routing information for this port can be exported.
WARNING: [Route 35-198] Port "config_data[63]" does not have an associated HD.PARTPIN_LOCS, which will prevent the partial routing of the signal "config_data[63]". Without this partial route, timing analysis to/from this port will not be accurate, and no routing information for this port can be exported.
WARNING: [Route 35-198] Port "config_data[53]" does not have an associated HD.PARTPIN_LOCS, which will prevent the partial routing of the signal "config_data[53]". Without this partial route, timing analysis to/from this port will not be accurate, and no routing information for this port can be exported.
WARNING: [Route 35-198] Port "config_data[23]" does not have an associated HD.PARTPIN_LOCS, which will prevent the partial routing of the signal "config_data[23]". Without this partial route, timing analysis to/from this port will not be accurate, and no routing information for this port can be exported.
WARNING: [Route 35-198] Port "config_data[7]" does not have an associated HD.PARTPIN_LOCS, which will prevent the partial routing of the signal "config_data[7]". Without this partial route, timing analysis to/from this port will not be accurate, and no routing information for this port can be exported.
WARNING: [Route 35-198] Port "config_data[61]" does not have an associated HD.PARTPIN_LOCS, which will prevent the partial routing of the signal "config_data[61]". Without this partial route, timing analysis to/from this port will not be accurate, and no routing information for this port can be exported.
WARNING: [Route 35-198] Port "config_data[21]" does not have an associated HD.PARTPIN_LOCS, which will prevent the partial routing of the signal "config_data[21]". Without this partial route, timing analysis to/from this port will not be accurate, and no routing information for this port can be exported.
WARNING: [Route 35-198] Port "config_data[13]" does not have an associated HD.PARTPIN_LOCS, which will prevent the partial routing of the signal "config_data[13]". Without this partial route, timing analysis to/from this port will not be accurate, and no routing information for this port can be exported.
WARNING: [Route 35-198] Port "config_data[5]" does not have an associated HD.PARTPIN_LOCS, which will prevent the partial routing of the signal "config_data[5]". Without this partial route, timing analysis to/from this port will not be accurate, and no routing information for this port can be exported.
WARNING: [Route 35-198] Port "config_data[30]" does not have an associated HD.PARTPIN_LOCS, which will prevent the partial routing of the signal "config_data[30]". Without this partial route, timing analysis to/from this port will not be accurate, and no routing information for this port can be exported.
WARNING: [Route 35-198] Port "config_data[22]" does not have an associated HD.PARTPIN_LOCS, which will prevent the partial routing of the signal "config_data[22]". Without this partial route, timing analysis to/from this port will not be accurate, and no routing information for this port can be exported.
WARNING: [Route 35-198] Port "config_data[14]" does not have an associated HD.PARTPIN_LOCS, which will prevent the partial routing of the signal "config_data[14]". Without this partial route, timing analysis to/from this port will not be accurate, and no routing information for this port can be exported.
WARNING: [Route 35-198] Port "config_data[6]" does not have an associated HD.PARTPIN_LOCS, which will prevent the partial routing of the signal "config_data[6]". Without this partial route, timing analysis to/from this port will not be accurate, and no routing information for this port can be exported.
WARNING: [Route 35-198] Port "config_data[33]" does not have an associated HD.PARTPIN_LOCS, which will prevent the partial routing of the signal "config_data[33]". Without this partial route, timing analysis to/from this port will not be accurate, and no routing information for this port can be exported.
WARNING: [Route 35-198] Port "config_data[25]" does not have an associated HD.PARTPIN_LOCS, which will prevent the partial routing of the signal "config_data[25]". Without this partial route, timing analysis to/from this port will not be accurate, and no routing information for this port can be exported.
WARNING: [Route 35-198] Port "config_data[17]" does not have an associated HD.PARTPIN_LOCS, which will prevent the partial routing of the signal "config_data[17]". Without this partial route, timing analysis to/from this port will not be accurate, and no routing information for this port can be exported.
WARNING: [Route 35-198] Port "config_data[36]" does not have an associated HD.PARTPIN_LOCS, which will prevent the partial routing of the signal "config_data[36]". Without this partial route, timing analysis to/from this port will not be accurate, and no routing information for this port can be exported.
WARNING: [Route 35-198] Port "config_data[20]" does not have an associated HD.PARTPIN_LOCS, which will prevent the partial routing of the signal "config_data[20]". Without this partial route, timing analysis to/from this port will not be accurate, and no routing information for this port can be exported.
WARNING: [Route 35-198] Port "config_data[12]" does not have an associated HD.PARTPIN_LOCS, which will prevent the partial routing of the signal "config_data[12]". Without this partial route, timing analysis to/from this port will not be accurate, and no routing information for this port can be exported.
WARNING: [Route 35-198] Port "config_data[4]" does not have an associated HD.PARTPIN_LOCS, which will prevent the partial routing of the signal "config_data[4]". Without this partial route, timing analysis to/from this port will not be accurate, and no routing information for this port can be exported.
WARNING: [Route 35-198] Port "config_data[31]" does not have an associated HD.PARTPIN_LOCS, which will prevent the partial routing of the signal "config_data[31]". Without this partial route, timing analysis to/from this port will not be accurate, and no routing information for this port can be exported.
WARNING: [Route 35-198] Port "config_data[37]" does not have an associated HD.PARTPIN_LOCS, which will prevent the partial routing of the signal "config_data[37]". Without this partial route, timing analysis to/from this port will not be accurate, and no routing information for this port can be exported.
WARNING: [Route 35-198] Port "config_data[29]" does not have an associated HD.PARTPIN_LOCS, which will prevent the partial routing of the signal "config_data[29]". Without this partial route, timing analysis to/from this port will not be accurate, and no routing information for this port can be exported.
WARNING: [Route 35-198] Port "config_data[52]" does not have an associated HD.PARTPIN_LOCS, which will prevent the partial routing of the signal "config_data[52]". Without this partial route, timing analysis to/from this port will not be accurate, and no routing information for this port can be exported.
WARNING: [Route 35-198] Port "config_data[28]" does not have an associated HD.PARTPIN_LOCS, which will prevent the partial routing of the signal "config_data[28]". Without this partial route, timing analysis to/from this port will not be accurate, and no routing information for this port can be exported.
WARNING: [Route 35-198] Port "config_data[54]" does not have an associated HD.PARTPIN_LOCS, which will prevent the partial routing of the signal "config_data[54]". Without this partial route, timing analysis to/from this port will not be accurate, and no routing information for this port can be exported.
WARNING: [Route 35-198] Port "config_data[51]" does not have an associated HD.PARTPIN_LOCS, which will prevent the partial routing of the signal "config_data[51]". Without this partial route, timing analysis to/from this port will not be accurate, and no routing information for this port can be exported.
WARNING: [Route 35-198] Port "config_data[35]" does not have an associated HD.PARTPIN_LOCS, which will prevent the partial routing of the signal "config_data[35]". Without this partial route, timing analysis to/from this port will not be accurate, and no routing information for this port can be exported.
WARNING: [Route 35-198] Port "config_data[32]" does not have an associated HD.PARTPIN_LOCS, which will prevent the partial routing of the signal "config_data[32]". Without this partial route, timing analysis to/from this port will not be accurate, and no routing information for this port can be exported.
WARNING: [Route 35-198] Port "config_data[34]" does not have an associated HD.PARTPIN_LOCS, which will prevent the partial routing of the signal "config_data[34]". Without this partial route, timing analysis to/from this port will not be accurate, and no routing information for this port can be exported.
WARNING: [Route 35-198] Port "config_keep[6]" does not have an associated HD.PARTPIN_LOCS, which will prevent the partial routing of the signal "config_keep[6]". Without this partial route, timing analysis to/from this port will not be accurate, and no routing information for this port can be exported.
WARNING: [Route 35-198] Port "config_data[57]" does not have an associated HD.PARTPIN_LOCS, which will prevent the partial routing of the signal "config_data[57]". Without this partial route, timing analysis to/from this port will not be accurate, and no routing information for this port can be exported.
WARNING: [Route 35-198] Port "config_data[49]" does not have an associated HD.PARTPIN_LOCS, which will prevent the partial routing of the signal "config_data[49]". Without this partial route, timing analysis to/from this port will not be accurate, and no routing information for this port can be exported.
WARNING: [Route 35-198] Port "config_data[16]" does not have an associated HD.PARTPIN_LOCS, which will prevent the partial routing of the signal "config_data[16]". Without this partial route, timing analysis to/from this port will not be accurate, and no routing information for this port can be exported.
WARNING: [Route 35-198] Port "config_data[9]" does not have an associated HD.PARTPIN_LOCS, which will prevent the partial routing of the signal "config_data[9]". Without this partial route, timing analysis to/from this port will not be accurate, and no routing information for this port can be exported.
WARNING: [Route 35-198] Port "config_data[1]" does not have an associated HD.PARTPIN_LOCS, which will prevent the partial routing of the signal "config_data[1]". Without this partial route, timing analysis to/from this port will not be accurate, and no routing information for this port can be exported.
WARNING: [Route 35-198] Port "config_data[60]" does not have an associated HD.PARTPIN_LOCS, which will prevent the partial routing of the signal "config_data[60]". Without this partial route, timing analysis to/from this port will not be accurate, and no routing information for this port can be exported.
WARNING: [Route 35-198] Port "config_data[11]" does not have an associated HD.PARTPIN_LOCS, which will prevent the partial routing of the signal "config_data[11]". Without this partial route, timing analysis to/from this port will not be accurate, and no routing information for this port can be exported.
WARNING: [Route 35-198] Port "config_keep[2]" does not have an associated HD.PARTPIN_LOCS, which will prevent the partial routing of the signal "config_keep[2]". Without this partial route, timing analysis to/from this port will not be accurate, and no routing information for this port can be exported.
WARNING: [Route 35-198] Port "config_data[38]" does not have an associated HD.PARTPIN_LOCS, which will prevent the partial routing of the signal "config_data[38]". Without this partial route, timing analysis to/from this port will not be accurate, and no routing information for this port can be exported.
WARNING: [Route 35-198] Port "config_data[27]" does not have an associated HD.PARTPIN_LOCS, which will prevent the partial routing of the signal "config_data[27]". Without this partial route, timing analysis to/from this port will not be accurate, and no routing information for this port can be exported.
WARNING: [Route 35-198] Port "config_data[43]" does not have an associated HD.PARTPIN_LOCS, which will prevent the partial routing of the signal "config_data[43]". Without this partial route, timing analysis to/from this port will not be accurate, and no routing information for this port can be exported.
WARNING: [Route 35-198] Port "config_keep[7]" does not have an associated HD.PARTPIN_LOCS, which will prevent the partial routing of the signal "config_keep[7]". Without this partial route, timing analysis to/from this port will not be accurate, and no routing information for this port can be exported.
WARNING: [Route 35-198] Port "config_data[59]" does not have an associated HD.PARTPIN_LOCS, which will prevent the partial routing of the signal "config_data[59]". Without this partial route, timing analysis to/from this port will not be accurate, and no routing information for this port can be exported.
WARNING: [Route 35-198] Port "config_data[19]" does not have an associated HD.PARTPIN_LOCS, which will prevent the partial routing of the signal "config_data[19]". Without this partial route, timing analysis to/from this port will not be accurate, and no routing information for this port can be exported.
WARNING: [Route 35-198] Port "config_data[3]" does not have an associated HD.PARTPIN_LOCS, which will prevent the partial routing of the signal "config_data[3]". Without this partial route, timing analysis to/from this port will not be accurate, and no routing information for this port can be exported.
WARNING: [Route 35-198] Port "config_keep[5]" does not have an associated HD.PARTPIN_LOCS, which will prevent the partial routing of the signal "config_keep[5]". Without this partial route, timing analysis to/from this port will not be accurate, and no routing information for this port can be exported.
WARNING: [Route 35-198] Port "config_keep[4]" does not have an associated HD.PARTPIN_LOCS, which will prevent the partial routing of the signal "config_keep[4]". Without this partial route, timing analysis to/from this port will not be accurate, and no routing information for this port can be exported.
WARNING: [Route 35-198] Port "config_keep[3]" does not have an associated HD.PARTPIN_LOCS, which will prevent the partial routing of the signal "config_keep[3]". Without this partial route, timing analysis to/from this port will not be accurate, and no routing information for this port can be exported.
WARNING: [Route 35-198] Port "config_keep[1]" does not have an associated HD.PARTPIN_LOCS, which will prevent the partial routing of the signal "config_keep[1]". Without this partial route, timing analysis to/from this port will not be accurate, and no routing information for this port can be exported.
WARNING: [Route 35-198] Port "config_keep[0]" does not have an associated HD.PARTPIN_LOCS, which will prevent the partial routing of the signal "config_keep[0]". Without this partial route, timing analysis to/from this port will not be accurate, and no routing information for this port can be exported.
WARNING: [Route 35-198] Port "config_data[47]" does not have an associated HD.PARTPIN_LOCS, which will prevent the partial routing of the signal "config_data[47]". Without this partial route, timing analysis to/from this port will not be accurate, and no routing information for this port can be exported.
WARNING: [Route 35-198] Port "config_data[46]" does not have an associated HD.PARTPIN_LOCS, which will prevent the partial routing of the signal "config_data[46]". Without this partial route, timing analysis to/from this port will not be accurate, and no routing information for this port can be exported.
WARNING: [Route 35-198] Port "config_data[40]" does not have an associated HD.PARTPIN_LOCS, which will prevent the partial routing of the signal "config_data[40]". Without this partial route, timing analysis to/from this port will not be accurate, and no routing information for this port can be exported.
WARNING: [Route 35-198] Port "config_data[50]" does not have an associated HD.PARTPIN_LOCS, which will prevent the partial routing of the signal "config_data[50]". Without this partial route, timing analysis to/from this port will not be accurate, and no routing information for this port can be exported.
WARNING: [Route 35-198] Port "config_data[42]" does not have an associated HD.PARTPIN_LOCS, which will prevent the partial routing of the signal "config_data[42]". Without this partial route, timing analysis to/from this port will not be accurate, and no routing information for this port can be exported.
WARNING: [Route 35-198] Port "config_data[8]" does not have an associated HD.PARTPIN_LOCS, which will prevent the partial routing of the signal "config_data[8]". Without this partial route, timing analysis to/from this port will not be accurate, and no routing information for this port can be exported.
WARNING: [Route 35-198] Port "config_data[0]" does not have an associated HD.PARTPIN_LOCS, which will prevent the partial routing of the signal "config_data[0]". Without this partial route, timing analysis to/from this port will not be accurate, and no routing information for this port can be exported.
WARNING: [Route 35-198] Port "config_data[48]" does not have an associated HD.PARTPIN_LOCS, which will prevent the partial routing of the signal "config_data[48]". Without this partial route, timing analysis to/from this port will not be accurate, and no routing information for this port can be exported.
WARNING: [Route 35-198] Port "config_data[44]" does not have an associated HD.PARTPIN_LOCS, which will prevent the partial routing of the signal "config_data[44]". Without this partial route, timing analysis to/from this port will not be accurate, and no routing information for this port can be exported.
WARNING: [Route 35-198] Port "config_data[24]" does not have an associated HD.PARTPIN_LOCS, which will prevent the partial routing of the signal "config_data[24]". Without this partial route, timing analysis to/from this port will not be accurate, and no routing information for this port can be exported.
WARNING: [Route 35-198] Port "config_data[56]" does not have an associated HD.PARTPIN_LOCS, which will prevent the partial routing of the signal "config_data[56]". Without this partial route, timing analysis to/from this port will not be accurate, and no routing information for this port can be exported.
WARNING: [Route 35-198] Port "config_data[45]" does not have an associated HD.PARTPIN_LOCS, which will prevent the partial routing of the signal "config_data[45]". Without this partial route, timing analysis to/from this port will not be accurate, and no routing information for this port can be exported.
WARNING: [Route 35-198] Port "config_data[41]" does not have an associated HD.PARTPIN_LOCS, which will prevent the partial routing of the signal "config_data[41]". Without this partial route, timing analysis to/from this port will not be accurate, and no routing information for this port can be exported.
WARNING: [Route 35-198] Port "config_data[62]" does not have an associated HD.PARTPIN_LOCS, which will prevent the partial routing of the signal "config_data[62]". Without this partial route, timing analysis to/from this port will not be accurate, and no routing information for this port can be exported.
WARNING: [Route 35-198] Port "config_valid" does not have an associated HD.PARTPIN_LOCS, which will prevent the partial routing of the signal "config_valid". Without this partial route, timing analysis to/from this port will not be accurate, and no routing information for this port can be exported.
WARNING: [Route 35-198] Port "data_in_data[15]" does not have an associated HD.PARTPIN_LOCS, which will prevent the partial routing of the signal "data_in_data[15]". Without this partial route, timing analysis to/from this port will not be accurate, and no routing information for this port can be exported.
WARNING: [Route 35-198] Port "data_in_data[7]" does not have an associated HD.PARTPIN_LOCS, which will prevent the partial routing of the signal "data_in_data[7]". Without this partial route, timing analysis to/from this port will not be accurate, and no routing information for this port can be exported.
WARNING: [Route 35-198] Port "data_in_keep[7]" does not have an associated HD.PARTPIN_LOCS, which will prevent the partial routing of the signal "data_in_keep[7]". Without this partial route, timing analysis to/from this port will not be accurate, and no routing information for this port can be exported.
WARNING: [Route 35-198] Port "data_in_data[55]" does not have an associated HD.PARTPIN_LOCS, which will prevent the partial routing of the signal "data_in_data[55]". Without this partial route, timing analysis to/from this port will not be accurate, and no routing information for this port can be exported.
WARNING: [Route 35-198] Port "data_in_data[31]" does not have an associated HD.PARTPIN_LOCS, which will prevent the partial routing of the signal "data_in_data[31]". Without this partial route, timing analysis to/from this port will not be accurate, and no routing information for this port can be exported.
WARNING: [Route 35-198] Port "config_last" does not have an associated HD.PARTPIN_LOCS, which will prevent the partial routing of the signal "config_last". Without this partial route, timing analysis to/from this port will not be accurate, and no routing information for this port can be exported.
WARNING: [Route 35-198] Port "data_in_valid" does not have an associated HD.PARTPIN_LOCS, which will prevent the partial routing of the signal "data_in_valid". Without this partial route, timing analysis to/from this port will not be accurate, and no routing information for this port can be exported.
WARNING: [Route 35-198] Port "data_in_data[47]" does not have an associated HD.PARTPIN_LOCS, which will prevent the partial routing of the signal "data_in_data[47]". Without this partial route, timing analysis to/from this port will not be accurate, and no routing information for this port can be exported.
WARNING: [Route 35-198] Port "data_in_data[39]" does not have an associated HD.PARTPIN_LOCS, which will prevent the partial routing of the signal "data_in_data[39]". Without this partial route, timing analysis to/from this port will not be accurate, and no routing information for this port can be exported.
WARNING: [Route 35-198] Port "data_in_keep[4]" does not have an associated HD.PARTPIN_LOCS, which will prevent the partial routing of the signal "data_in_keep[4]". Without this partial route, timing analysis to/from this port will not be accurate, and no routing information for this port can be exported.
WARNING: [Route 35-198] Port "data_in_keep[1]" does not have an associated HD.PARTPIN_LOCS, which will prevent the partial routing of the signal "data_in_keep[1]". Without this partial route, timing analysis to/from this port will not be accurate, and no routing information for this port can be exported.
WARNING: [Route 35-198] Port "data_in_keep[6]" does not have an associated HD.PARTPIN_LOCS, which will prevent the partial routing of the signal "data_in_keep[6]". Without this partial route, timing analysis to/from this port will not be accurate, and no routing information for this port can be exported.
WARNING: [Route 35-198] Port "data_in_keep[5]" does not have an associated HD.PARTPIN_LOCS, which will prevent the partial routing of the signal "data_in_keep[5]". Without this partial route, timing analysis to/from this port will not be accurate, and no routing information for this port can be exported.
WARNING: [Route 35-198] Port "data_in_keep[3]" does not have an associated HD.PARTPIN_LOCS, which will prevent the partial routing of the signal "data_in_keep[3]". Without this partial route, timing analysis to/from this port will not be accurate, and no routing information for this port can be exported.
WARNING: [Route 35-198] Port "data_in_keep[2]" does not have an associated HD.PARTPIN_LOCS, which will prevent the partial routing of the signal "data_in_keep[2]". Without this partial route, timing analysis to/from this port will not be accurate, and no routing information for this port can be exported.
WARNING: [Route 35-198] Port "data_in_keep[0]" does not have an associated HD.PARTPIN_LOCS, which will prevent the partial routing of the signal "data_in_keep[0]". Without this partial route, timing analysis to/from this port will not be accurate, and no routing information for this port can be exported.
WARNING: [Route 35-198] Port "data_in_data[63]" does not have an associated HD.PARTPIN_LOCS, which will prevent the partial routing of the signal "data_in_data[63]". Without this partial route, timing analysis to/from this port will not be accurate, and no routing information for this port can be exported.
WARNING: [Route 35-198] Port "data_in_data[23]" does not have an associated HD.PARTPIN_LOCS, which will prevent the partial routing of the signal "data_in_data[23]". Without this partial route, timing analysis to/from this port will not be accurate, and no routing information for this port can be exported.
WARNING: [Route 35-198] Port "data_in_last" does not have an associated HD.PARTPIN_LOCS, which will prevent the partial routing of the signal "data_in_last". Without this partial route, timing analysis to/from this port will not be accurate, and no routing information for this port can be exported.
WARNING: [Route 35-198] Port "data_out_ready" does not have an associated HD.PARTPIN_LOCS, which will prevent the partial routing of the signal "data_out_ready". Without this partial route, timing analysis to/from this port will not be accurate, and no routing information for this port can be exported.
Post Restoration Checksum: NetGraph: d93c0c7c | NumContArr: 497fc6b2 | Constraints: c2a8fa9d | Timing: c2a8fa9d
Phase 1 Build RT Design | Checksum: 2a80dc868

Time (s): cpu = 00:00:29 ; elapsed = 00:00:21 . Memory (MB): peak = 4753.762 ; gain = 1968.285

Phase 2 Router Initialization

Phase 2.1 Fix Topology Constraints
Phase 2.1 Fix Topology Constraints | Checksum: 2a80dc868

Time (s): cpu = 00:00:29 ; elapsed = 00:00:21 . Memory (MB): peak = 4753.762 ; gain = 1968.285

Phase 2.2 Pre Route Cleanup
Phase 2.2 Pre Route Cleanup | Checksum: 2a80dc868

Time (s): cpu = 00:00:29 ; elapsed = 00:00:21 . Memory (MB): peak = 4753.762 ; gain = 1968.285

Phase 2.3 Global Clock Net Routing
Phase 2.3 Global Clock Net Routing | Checksum: 2a80dc868

Time (s): cpu = 00:00:38 ; elapsed = 00:00:26 . Memory (MB): peak = 7289.445 ; gain = 4503.969

Phase 2.4 Update Timing
Phase 2.4 Update Timing | Checksum: 237666714

Time (s): cpu = 00:00:53 ; elapsed = 00:00:31 . Memory (MB): peak = 7289.445 ; gain = 4503.969
INFO: [Route 35-416] Intermediate Timing Summary | WNS=0.026  | TNS=0.000  | WHS=-0.073 | THS=-36.900|


Router Utilization Summary
  Global Vertical Routing Utilization    = 0 %
  Global Horizontal Routing Utilization  = 0 %
  Routable Net Status*
  *Does not include unroutable nets such as driverless and loadless.
  Run report_route_status for detailed report.
  Number of Failed Nets               = 35118
    (Failed Nets is the sum of unrouted and partially routed nets)
  Number of Unrouted Nets             = 30658
  Number of Partially Routed Nets     = 4460
  Number of Node Overlaps             = 0

Phase 2 Router Initialization | Checksum: 21eff47a0

Time (s): cpu = 00:01:17 ; elapsed = 00:00:42 . Memory (MB): peak = 7499.656 ; gain = 4714.180

Phase 3 Global Routing

Phase 3.1 SLL Assignment
Number SLLs per Column: 1440
Estimated SLL Demand Per Column: 
  SLR [2-3]        0 (  0%)     0 (  0%)     0 (  0%)     0 (  0%)     0 (  0%)     0 (  0%)     0 (  0%)     0 (  0%)     0 (  0%)     0 (  0%)     0 (  0%)     0 (  0%)     0 (  0%)     0 (  0%)     0 (  0%)     0 (  0%)  Demand:     0 Available: 23040 Utilization(%): 0.00
  SLR [1-2]        0 (  0%)     0 (  0%)     0 (  0%)     0 (  0%)     0 (  0%)     0 (  0%)     0 (  0%)     0 (  0%)     0 (  0%)     0 (  0%)     0 (  0%)     0 (  0%)     0 (  0%)     0 (  0%)     0 (  0%)     0 (  0%)  Demand:     0 Available: 23040 Utilization(%): 0.00
  SLR [0-1]        0 (  0%)     0 (  0%)     0 (  0%)     0 (  0%)     0 (  0%)     0 (  0%)     0 (  0%)     0 (  0%)     0 (  0%)     0 (  0%)     0 (  0%)     0 (  0%)     0 (  0%)     0 (  0%)     0 (  0%)     0 (  0%)  Demand:     0 Available: 23040 Utilization(%): 0.00
Phase 3.1 SLL Assignment | Checksum: 21eff47a0

Time (s): cpu = 00:01:19 ; elapsed = 00:00:42 . Memory (MB): peak = 7499.656 ; gain = 4714.180
Phase 3 Global Routing | Checksum: 21eff47a0

Time (s): cpu = 00:01:19 ; elapsed = 00:00:42 . Memory (MB): peak = 7499.656 ; gain = 4714.180

Phase 4 Initial Routing

Phase 4.1 Initial Net Routing Pass
Phase 4.1 Initial Net Routing Pass | Checksum: 2c68fc6d3

Time (s): cpu = 00:01:35 ; elapsed = 00:00:47 . Memory (MB): peak = 7499.656 ; gain = 4714.180
Phase 4 Initial Routing | Checksum: 3492dc3ee

Time (s): cpu = 00:01:36 ; elapsed = 00:00:47 . Memory (MB): peak = 7499.656 ; gain = 4714.180

INFO: [Route 35-449] Initial Estimated Congestion
 ________________________________________________________________________
|           | Global Congestion | Long Congestion   | Short Congestion  |
|           |___________________|___________________|___________________|
| Direction | Size   | % Tiles  | Size   | % Tiles  | Size   | % Tiles  |
|___________|________|__________|________|__________|________|__________|
|      NORTH|     4x4|      0.06|   16x16|      0.16|     4x4|      0.07|
|___________|________|__________|________|__________|________|__________|
|      SOUTH|     2x2|      0.00|     1x1|      0.00|     8x8|      0.02|
|___________|________|__________|________|__________|________|__________|
|       EAST|     4x4|      0.01|     4x4|      0.01|     4x4|      0.05|
|___________|________|__________|________|__________|________|__________|
|       WEST|     1x1|      0.00|     1x1|      0.00|     2x2|      0.01|
|___________|________|__________|________|__________|________|__________|
Congestion Report
LONG Congestion bounded by tiles (Lower Left Tile -> Upper Right Tile):
NORTH
	INT_X84Y54->INT_X95Y85 (CLEL_L_X84Y54->DSP_X95Y85)
	INT_X88Y80->INT_X95Y87 (CLEM_X88Y80->DSP_X95Y85)
	INT_X88Y72->INT_X95Y79 (CLEM_X88Y72->DSP_X95Y75)
	INT_X88Y79->INT_X95Y86 (CLEM_X88Y79->DSP_X95Y85)
	INT_X88Y71->INT_X95Y78 (CLEM_X88Y71->DSP_X95Y75)
INFO: [Route 35-580] Design has 1 pins with tight setup and hold constraints.

The top 5 pins with tight setup and hold constraints:

+====================+===================+=======================================================+
| Launch Setup Clock | Launch Hold Clock | Pin                                                   |
+====================+===================+=======================================================+
| clk                | clk               | DUT/data_in_manager_i/vw_buffer_i/mem_data_r_reg[7]/D |
+--------------------+-------------------+-------------------------------------------------------+

File with complete list of pins: tight_setup_hold_pins.txt


Phase 5 Rip-up And Reroute

Phase 5.1 Global Iteration 0
 Number of Nodes with overlaps = 5286
 Number of Nodes with overlaps = 459
 Number of Nodes with overlaps = 78
 Number of Nodes with overlaps = 30
 Number of Nodes with overlaps = 13
 Number of Nodes with overlaps = 7
 Number of Nodes with overlaps = 3
 Number of Nodes with overlaps = 0
INFO: [Route 35-416] Intermediate Timing Summary | WNS=-0.088 | TNS=-4.870 | WHS=-0.055 | THS=-3.647 |

Phase 5.1 Global Iteration 0 | Checksum: 280cc7f29

Time (s): cpu = 00:02:53 ; elapsed = 00:01:22 . Memory (MB): peak = 7499.656 ; gain = 4714.180

Phase 5.2 Global Iteration 1
 Number of Nodes with overlaps = 148
 Number of Nodes with overlaps = 21
 Number of Nodes with overlaps = 3
 Number of Nodes with overlaps = 0
INFO: [Route 35-416] Intermediate Timing Summary | WNS=-0.060 | TNS=-2.163 | WHS=N/A    | THS=N/A    |

Phase 5.2 Global Iteration 1 | Checksum: 1ed42b372

Time (s): cpu = 00:03:06 ; elapsed = 00:01:29 . Memory (MB): peak = 7499.656 ; gain = 4714.180

Phase 5.3 Global Iteration 2
 Number of Nodes with overlaps = 173
 Number of Nodes with overlaps = 35
 Number of Nodes with overlaps = 15
 Number of Nodes with overlaps = 12
 Number of Nodes with overlaps = 7
 Number of Nodes with overlaps = 3
 Number of Nodes with overlaps = 3
 Number of Nodes with overlaps = 1
 Number of Nodes with overlaps = 1
 Number of Nodes with overlaps = 2
 Number of Nodes with overlaps = 0
INFO: [Route 35-416] Intermediate Timing Summary | WNS=-0.048 | TNS=-0.419 | WHS=N/A    | THS=N/A    |

Phase 5.3 Global Iteration 2 | Checksum: 1ca2d3946

Time (s): cpu = 00:03:27 ; elapsed = 00:01:42 . Memory (MB): peak = 7499.656 ; gain = 4714.180

Phase 5.4 Global Iteration 3
 Number of Nodes with overlaps = 118
 Number of Nodes with overlaps = 8
 Number of Nodes with overlaps = 2
 Number of Nodes with overlaps = 2
 Number of Nodes with overlaps = 0
INFO: [Route 35-416] Intermediate Timing Summary | WNS=-0.049 | TNS=-1.157 | WHS=N/A    | THS=N/A    |

Phase 5.4 Global Iteration 3 | Checksum: 2124b1c39

Time (s): cpu = 00:03:34 ; elapsed = 00:01:47 . Memory (MB): peak = 7499.656 ; gain = 4714.180
Phase 5 Rip-up And Reroute | Checksum: 2124b1c39

Time (s): cpu = 00:03:34 ; elapsed = 00:01:47 . Memory (MB): peak = 7499.656 ; gain = 4714.180

Phase 6 Delay and Skew Optimization

Phase 6.1 Delay CleanUp
INFO: [Route 35-416] Intermediate Timing Summary | WNS=-0.048 | TNS=-0.419 | WHS=0.010  | THS=0.000  |

INFO: [Route 35-416] Intermediate Timing Summary | WNS=-0.048 | TNS=-0.419 | WHS=0.010  | THS=0.000  |

 Number of Nodes with overlaps = 0
Phase 6.1 Delay CleanUp | Checksum: 3054b7dd6

Time (s): cpu = 00:03:50 ; elapsed = 00:01:55 . Memory (MB): peak = 7499.656 ; gain = 4714.180

Phase 6.2 Clock Skew Optimization
Phase 6.2 Clock Skew Optimization | Checksum: 3054b7dd6

Time (s): cpu = 00:03:50 ; elapsed = 00:01:55 . Memory (MB): peak = 7499.656 ; gain = 4714.180
Phase 6 Delay and Skew Optimization | Checksum: 3054b7dd6

Time (s): cpu = 00:03:50 ; elapsed = 00:01:55 . Memory (MB): peak = 7499.656 ; gain = 4714.180

Phase 7 Post Hold Fix

Phase 7.1 Hold Fix Iter
INFO: [Route 35-416] Intermediate Timing Summary | WNS=-0.048 | TNS=-0.388 | WHS=0.010  | THS=0.000  |

Phase 7.1 Hold Fix Iter | Checksum: 28b1499f6

Time (s): cpu = 00:03:58 ; elapsed = 00:01:59 . Memory (MB): peak = 7499.656 ; gain = 4714.180
Phase 7 Post Hold Fix | Checksum: 28b1499f6

Time (s): cpu = 00:03:58 ; elapsed = 00:01:59 . Memory (MB): peak = 7499.656 ; gain = 4714.180

Phase 8 Route finalize

Router Utilization Summary
  Global Vertical Routing Utilization    = 0.489411 %
  Global Horizontal Routing Utilization  = 0.361588 %
  Routable Net Status*
  *Does not include unroutable nets such as driverless and loadless.
  Run report_route_status for detailed report.
  Number of Failed Nets               = 0
    (Failed Nets is the sum of unrouted and partially routed nets)
  Number of Unrouted Nets             = 0
  Number of Partially Routed Nets     = 0
  Number of Node Overlaps             = 0


--GLOBAL Congestion:
Utilization threshold used for congestion level computation: 0.85
Congestion Report
North Dir 1x1 Area, Max Cong = 80.2817%, No Congested Regions.
South Dir 1x1 Area, Max Cong = 71.564%, No Congested Regions.
East Dir 1x1 Area, Max Cong = 77.8846%, No Congested Regions.
West Dir 1x1 Area, Max Cong = 51.9231%, No Congested Regions.

------------------------------
Reporting congestion hotspots
------------------------------
Direction: North
----------------
Congested clusters found at Level 0
Effective congestion level: 0 Aspect Ratio: 1 Sparse Ratio: 0
Direction: South
----------------
Congested clusters found at Level 0
Effective congestion level: 0 Aspect Ratio: 1 Sparse Ratio: 0
Direction: East
----------------
Congested clusters found at Level 0
Effective congestion level: 0 Aspect Ratio: 1 Sparse Ratio: 0
Direction: West
----------------
Congested clusters found at Level 0
Effective congestion level: 0 Aspect Ratio: 1 Sparse Ratio: 0

Phase 8 Route finalize | Checksum: 28b1499f6

Time (s): cpu = 00:04:00 ; elapsed = 00:01:59 . Memory (MB): peak = 7499.656 ; gain = 4714.180

Phase 9 Verifying routed nets

 Verification completed successfully
Phase 9 Verifying routed nets | Checksum: 28b1499f6

Time (s): cpu = 00:04:00 ; elapsed = 00:01:59 . Memory (MB): peak = 7499.656 ; gain = 4714.180

Phase 10 Depositing Routes
Phase 10 Depositing Routes | Checksum: 28b1499f6

Time (s): cpu = 00:04:03 ; elapsed = 00:02:01 . Memory (MB): peak = 7499.656 ; gain = 4714.180

Phase 11 Resolve XTalk
Phase 11 Resolve XTalk | Checksum: 28b1499f6

Time (s): cpu = 00:04:03 ; elapsed = 00:02:01 . Memory (MB): peak = 7499.656 ; gain = 4714.180

Phase 12 Post Process Routing
Common:
   
SLR0

Initial Estimated Congestion
 ________________________________________________________________________
|           | Global Congestion | Long Congestion   | Short Congestion  |
|           |___________________|___________________|___________________|
| Direction | Size   | % Tiles  | Size   | % Tiles  | Size   | % Tiles  |
|___________|________|__________|________|__________|________|__________|
|      NORTH|     4x4|      0.23|   16x16|      0.64|     4x4|      0.28|
|___________|________|__________|________|__________|________|__________|
|      SOUTH|     2x2|      0.02|     1x1|      0.00|     8x8|      0.10|
|___________|________|__________|________|__________|________|__________|
|       EAST|     4x4|      0.05|     4x4|      0.04|     4x4|      0.21|
|___________|________|__________|________|__________|________|__________|
|       WEST|     1x1|      0.00|     1x1|      0.01|     2x2|      0.05|
|___________|________|__________|________|__________|________|__________|

SLR1

Initial Estimated Congestion
 ________________________________________________________________________
|           | Global Congestion | Long Congestion   | Short Congestion  |
|           |___________________|___________________|___________________|
| Direction | Size   | % Tiles  | Size   | % Tiles  | Size   | % Tiles  |
|___________|________|__________|________|__________|________|__________|
|      NORTH|     1x1|      0.00|     1x1|      0.00|     1x1|      0.00|
|___________|________|__________|________|__________|________|__________|
|      SOUTH|     1x1|      0.00|     1x1|      0.00|     1x1|      0.00|
|___________|________|__________|________|__________|________|__________|
|       EAST|     1x1|      0.00|     1x1|      0.00|     1x1|      0.00|
|___________|________|__________|________|__________|________|__________|
|       WEST|     1x1|      0.00|     1x1|      0.00|     1x1|      0.00|
|___________|________|__________|________|__________|________|__________|

SLR2

Initial Estimated Congestion
 ________________________________________________________________________
|           | Global Congestion | Long Congestion   | Short Congestion  |
|           |___________________|___________________|___________________|
| Direction | Size   | % Tiles  | Size   | % Tiles  | Size   | % Tiles  |
|___________|________|__________|________|__________|________|__________|
|      NORTH|     1x1|      0.00|     1x1|      0.00|     1x1|      0.00|
|___________|________|__________|________|__________|________|__________|
|      SOUTH|     1x1|      0.00|     1x1|      0.00|     1x1|      0.00|
|___________|________|__________|________|__________|________|__________|
|       EAST|     1x1|      0.00|     1x1|      0.00|     1x1|      0.00|
|___________|________|__________|________|__________|________|__________|
|       WEST|     1x1|      0.00|     1x1|      0.00|     1x1|      0.00|
|___________|________|__________|________|__________|________|__________|

SLR3

Initial Estimated Congestion
 ________________________________________________________________________
|           | Global Congestion | Long Congestion   | Short Congestion  |
|           |___________________|___________________|___________________|
| Direction | Size   | % Tiles  | Size   | % Tiles  | Size   | % Tiles  |
|___________|________|__________|________|__________|________|__________|
|      NORTH|     1x1|      0.00|     1x1|      0.00|     1x1|      0.00|
|___________|________|__________|________|__________|________|__________|
|      SOUTH|     1x1|      0.00|     1x1|      0.00|     1x1|      0.00|
|___________|________|__________|________|__________|________|__________|
|       EAST|     1x1|      0.00|     1x1|      0.00|     1x1|      0.00|
|___________|________|__________|________|__________|________|__________|
|       WEST|     1x1|      0.00|     1x1|      0.00|     1x1|      0.00|
|___________|________|__________|________|__________|________|__________|


Phase 12 Post Process Routing | Checksum: 28b1499f6

Time (s): cpu = 00:04:03 ; elapsed = 00:02:01 . Memory (MB): peak = 7499.656 ; gain = 4714.180

Phase 13 Post Router Timing
INFO: [Route 35-57] Estimated Timing Summary | WNS=-0.048 | TNS=-0.388 | WHS=0.010  | THS=0.000  |

WARNING: [Route 35-328] Router estimated timing not met.
Resolution: For a complete and accurate timing signoff, report_timing_summary must be run after route_design. Alternatively, route_design can be run with the -timing_summary option to enable a complete timing signoff at the end of route_design.
Phase 13 Post Router Timing | Checksum: 28b1499f6

Time (s): cpu = 00:04:04 ; elapsed = 00:02:01 . Memory (MB): peak = 7499.656 ; gain = 4714.180
Skip laguna hold fix in PhysOpt in Router as non-negative WHS value: 9.82014e-12 .
Time taken to check if laguna hold fix is required (in secs): 0.002

Phase 14 Physical Synthesis in Router

Phase 14.1 Physical Synthesis Initialization
INFO: [Physopt 32-668] Current Timing Summary | WNS=-0.035 | TNS=-0.330 | WHS=0.010 | THS=0.000 |
Phase 14.1 Physical Synthesis Initialization | Checksum: 28b1499f6

Time (s): cpu = 00:04:52 ; elapsed = 00:02:36 . Memory (MB): peak = 7499.656 ; gain = 4714.180

Phase 14.2 Critical Path Optimization
INFO: [Physopt 32-668] Current Timing Summary | WNS=-0.035 | TNS=-0.330 | WHS=0.010 | THS=0.000 |
INFO: [Physopt 32-953] Path group WNS did not improve. Path group: clk. Processed net: DUT/data_in_manager_i/bin_fifo/mem[555].
INFO: [Physopt 32-953] Path group WNS did not improve. Path group: clk. Processed net: DUT/data_in_manager_i/bin_fifo/mem10[9].
INFO: [Physopt 32-953] Path group WNS did not improve. Path group: clk. Processed net: DUT/data_in_manager_i/bin_fifo/mem[512]_i_2__0_n_0.
INFO: [Physopt 32-668] Current Timing Summary | WNS=-0.035 | TNS=-0.329 | WHS=0.010 | THS=0.000 |
Netlist sorting complete. Time (s): cpu = 00:00:00 ; elapsed = 00:00:00.015 . Memory (MB): peak = 7499.656 ; gain = 0.000
Phase 14.2 Critical Path Optimization | Checksum: 1988a3744

Time (s): cpu = 00:04:55 ; elapsed = 00:02:38 . Memory (MB): peak = 7499.656 ; gain = 4714.180
Netlist sorting complete. Time (s): cpu = 00:00:00 ; elapsed = 00:00:00.016 . Memory (MB): peak = 7499.656 ; gain = 0.000
INFO: [Physopt 32-669] Post Physical Optimization Timing Summary | WNS=-0.035 | TNS=-0.329 | WHS=0.010 | THS=0.000 |
Phase 14 Physical Synthesis in Router | Checksum: 1988a3744

Time (s): cpu = 00:04:56 ; elapsed = 00:02:39 . Memory (MB): peak = 7499.656 ; gain = 4714.180
Total Elapsed time in route_design: 158.538 secs

Phase 15 Post-Route Event Processing
Phase 15 Post-Route Event Processing | Checksum: 16bc0180b

Time (s): cpu = 00:04:57 ; elapsed = 00:02:39 . Memory (MB): peak = 7499.656 ; gain = 4714.180
INFO: [Route 35-16] Router Completed Successfully
Ending Routing Task | Checksum: 16bc0180b

Time (s): cpu = 00:04:57 ; elapsed = 00:02:39 . Memory (MB): peak = 7499.656 ; gain = 4714.180

Routing Is Done.
INFO: [Common 17-83] Releasing license: Implementation
22 Infos, 95 Warnings, 0 Critical Warnings and 0 Errors encountered.
route_design completed successfully
route_design: Time (s): cpu = 00:04:58 ; elapsed = 00:02:39 . Memory (MB): peak = 7499.656 ; gain = 4714.180
# write_checkpoint -force {C:/Users/pawin/UF/spring26/RC2/bnn_fcc_contest/openflex/build_vivado/outputs/post_route_recovered.dcp}
INFO: [Timing 38-480] Writing timing data to binary archive.
Write ShapeDB Complete: Time (s): cpu = 00:00:00 ; elapsed = 00:00:00.118 . Memory (MB): peak = 7499.656 ; gain = 0.000
Wrote PlaceDB: Time (s): cpu = 00:00:05 ; elapsed = 00:00:02 . Memory (MB): peak = 7499.656 ; gain = 0.000
Wrote PulsedLatchDB: Time (s): cpu = 00:00:00 ; elapsed = 00:00:00 . Memory (MB): peak = 7499.656 ; gain = 0.000
Writing XDEF routing.
Writing XDEF routing logical nets.
Writing XDEF routing special nets.
Wrote RouteStorage: Time (s): cpu = 00:00:01 ; elapsed = 00:00:00.380 . Memory (MB): peak = 7499.656 ; gain = 0.000
Wrote Netlist Cache: Time (s): cpu = 00:00:00 ; elapsed = 00:00:00.059 . Memory (MB): peak = 7499.656 ; gain = 0.000
Wrote Device Cache: Time (s): cpu = 00:00:00 ; elapsed = 00:00:00.018 . Memory (MB): peak = 7499.656 ; gain = 0.000
Write Physdb Complete: Time (s): cpu = 00:00:06 ; elapsed = 00:00:03 . Memory (MB): peak = 7499.656 ; gain = 0.000
INFO: [Common 17-1381] The checkpoint 'C:/Users/pawin/UF/spring26/RC2/bnn_fcc_contest/openflex/build_vivado/outputs/post_route_recovered.dcp' has been generated.
write_checkpoint: Time (s): cpu = 00:00:13 ; elapsed = 00:00:06 . Memory (MB): peak = 7499.656 ; gain = 0.000
# report_timing_summary -file {C:/Users/pawin/UF/spring26/RC2/bnn_fcc_contest/openflex/build_vivado/outputs/post_route_timing_recovered.rpt}
INFO: [Timing 38-91] UpdateTimingParams: Speed grade: -2L, Temperature grade: E, Delay Type: min_max.
INFO: [Timing 38-191] Multithreading enabled for timing update using a maximum of 8 CPUs
# report_utilization -file {C:/Users/pawin/UF/spring26/RC2/bnn_fcc_contest/openflex/build_vivado/outputs/post_route_util_recovered.rpt}
# exit
INFO: [Common 17-206] Exiting Vivado at Sun Apr 12 00:13:06 2026...
