#-----------------------------------------------------------
# Vivado v2025.1 (64-bit)
# SW Build 6140274 on Thu May 22 00:12:29 MDT 2025
# IP Build 6138677 on Thu May 22 03:10:11 MDT 2025
# SharedData Build 6139179 on Tue May 20 17:58:58 MDT 2025
# Start of session at: Thu Mar 26 15:22:56 2026
# Process ID         : 25260
# Current directory  : C:/Users/pawin/UF/spring26/RC2/bnn_fcc_contest/openflex
# Command line       : vivado.exe -mode batch -source dummy.tcl
# Log file           : C:/Users/pawin/UF/spring26/RC2/bnn_fcc_contest/openflex/vivado.log
# Journal file       : C:/Users/pawin/UF/spring26/RC2/bnn_fcc_contest/openflex\vivado.jou
# Running On         : Acey
# Platform           : Windows Server 2016 or Windows 10
# Operating System   : 26200
# Processor Detail   : Intel(R) Core(TM) Ultra 7 258V
# CPU Frequency      : 3302 MHz
# CPU Physical cores : 8
# CPU Logical cores  : 8
# Host memory        : 33802 MB
# Swap memory        : 11811 MB
# Total Virtual      : 45614 MB
# Available Virtual  : 23535 MB
#-----------------------------------------------------------
source dummy.tcl
couldn't read file "dummy.tcl": no such file or directory
INFO: [Common 17-206] Exiting Vivado at Thu Mar 26 15:23:04 2026...
