#-----------------------------------------------------------
# Vivado v2024.2 (64-bit)
# SW Build 5239630 on Fri Nov 08 22:35:27 MST 2024
# IP Build 5239520 on Sun Nov 10 16:12:51 MST 2024
# SharedData Build 5239561 on Fri Nov 08 14:39:27 MST 2024
# Start of session at: Thu Apr  9 16:38:10 2026
# Process ID         : 27604
# Current directory  : C:/Users/pawin/UF/spring26/RC2/bnn_fcc_contest/openflex
# Command line       : vivado.exe mode-tcl
# Log file           : C:/Users/pawin/UF/spring26/RC2/bnn_fcc_contest/openflex/vivado.log
# Journal file       : C:/Users/pawin/UF/spring26/RC2/bnn_fcc_contest/openflex\vivado.jou
# Running On         : Acey
# Platform           : Windows Server 2016 or Windows 10
# Operating System   : 26200
# Processor Detail   : Intel(R) Core(TM) Ultra 7 258V
# CPU Frequency      : 3302 MHz
# CPU Physical cores : 8
# CPU Logical cores  : 8
# Host memory        : 33805 MB
# Swap memory        : 13958 MB
# Total Virtual      : 47764 MB
# Available Virtual  : 22461 MB
#-----------------------------------------------------------
start_gui
Sourcing tcl script 'C:/Users/pawin/AppData/Roaming/Xilinx/Vivado/Vivado_init.tcl'
